#
# There is insufficient memory for the Java Runtime Environment to continue.
# Native memory allocation (malloc) failed to allocate 538400 bytes for Chunk::new
# Possible reasons:
#   The system is out of physical RAM or swap space
#   The process is running with CompressedOops enabled, and the Java Heap may be blocking the growth of the native heap
# Possible solutions:
#   Reduce memory load on the system
#   Increase physical memory or swap space
#   Check if swap backing store is full
#   Decrease Java heap size (-Xmx/-Xms)
#   Decrease number of Java threads
#   Decrease Java thread stack sizes (-Xss)
#   Set larger code cache with -XX:ReservedCodeCacheSize=
#   JVM is running with Unscaled Compressed Oops mode in which the Java heap is
#     placed in the first 4GB address space. The Java Heap base address is the
#     maximum limit for the native heap growth. Please use -XX:HeapBaseMinAddress
#     to set the Java Heap base and to place the Java Heap above 4GB virtual address.
# This output file may be truncated or incomplete.
#
#  Out of Memory Error (allocation.cpp:389), pid=8460, tid=0x0000000000003aac
#
# JRE version: Java(TM) SE Runtime Environment (8.0_251-b08) (build 1.8.0_251-b08)
# Java VM: Java HotSpot(TM) 64-Bit Server VM (25.251-b08 mixed mode windows-amd64 compressed oops)
# Failed to write core dump. Minidumps are not enabled by default on client versions of Windows
#

---------------  T H R E A D  ---------------

Current thread (0x000000001778e000):  JavaThread "C2 CompilerThread1" daemon [_thread_in_native, id=15020, stack(0x00000000192a0000,0x00000000193a0000)]

Stack: [0x00000000192a0000,0x00000000193a0000]
[error occurred during error reporting (printing stack bounds), id 0xc0000005]

Native frames: (J=compiled Java code, j=interpreted, Vv=VM code, C=native code)


Current CompileTask:
C2:  15028 4622       4       java.lang.Class::privateGetMethodRecursive (130 bytes)


---------------  P R O C E S S  ---------------

Java Threads: ( => current thread )
  0x000000001d566000 JavaThread "spring.cloud.inetutils" daemon [_thread_blocked, id=10640, stack(0x000000001b470000,0x000000001b570000)]
  0x0000000018b43000 JavaThread "Service Thread" daemon [_thread_blocked, id=14028, stack(0x00000000194a0000,0x00000000195a0000)]
  0x000000001779e000 JavaThread "C1 CompilerThread2" daemon [_thread_blocked, id=11928, stack(0x00000000193a0000,0x00000000194a0000)]
=>0x000000001778e000 JavaThread "C2 CompilerThread1" daemon [_thread_in_native, id=15020, stack(0x00000000192a0000,0x00000000193a0000)]
  0x000000001778a000 JavaThread "C2 CompilerThread0" daemon [_thread_in_native, id=21876, stack(0x00000000191a0000,0x00000000192a0000)]
  0x0000000017788800 JavaThread "Monitor Ctrl-Break" daemon [_thread_in_native, id=17928, stack(0x00000000190a0000,0x00000000191a0000)]
  0x000000001776e000 JavaThread "Attach Listener" daemon [_thread_blocked, id=1972, stack(0x0000000018fa0000,0x00000000190a0000)]
  0x0000000017758800 JavaThread "Signal Dispatcher" daemon [_thread_blocked, id=22644, stack(0x0000000018ea0000,0x0000000018fa0000)]
  0x000000001772b000 JavaThread "Finalizer" daemon [_thread_blocked, id=20272, stack(0x00000000189a0000,0x0000000018aa0000)]
  0x000000001772a000 JavaThread "Reference Handler" daemon [_thread_blocked, id=12068, stack(0x00000000188a0000,0x00000000189a0000)]
  0x00000000028cb000 JavaThread "main" [_thread_in_native, id=6928, stack(0x00000000027c0000,0x00000000028c0000)]

Other Threads:
  0x0000000017707000 VMThread [stack: 0x00000000187a0000,0x00000000188a0000] [id=18448]
  0x0000000018ba5800 WatcherThread [stack: 0x00000000195a0000,0x00000000196a0000] [id=4912]

VM state:not at safepoint (normal execution)

VM Mutex/Monitor currently owned by a thread: None

heap address: 0x0000000081200000, size: 2030 MB, Compressed Oops mode: 32-bit
Narrow klass base: 0x0000000000000000, Narrow klass shift: 3
Compressed class space size: 1073741824 Address: 0x0000000100000000

Heap:
 PSYoungGen      total 260608K, used 17349K [0x00000000d5b80000, 0x00000000e6a00000, 0x0000000100000000)
  eden space 251904K, 3% used [0x00000000d5b80000,0x00000000d643b738,0x00000000e5180000)
  from space 8704K, 96% used [0x00000000e6180000,0x00000000e69b5ee8,0x00000000e6a00000)
  to   space 11776K, 0% used [0x00000000e5300000,0x00000000e5300000,0x00000000e5e80000)
 ParOldGen       total 68096K, used 21623K [0x0000000081200000, 0x0000000085480000, 0x00000000d5b80000)
  object space 68096K, 31% used [0x0000000081200000,0x000000008271de08,0x0000000085480000)
 Metaspace       used 45115K, capacity 48026K, committed 48168K, reserved 1091584K
  class space    used 6113K, capacity 6625K, committed 6696K, reserved 1048576K

Card table byte_map: [0x0000000011f80000,0x0000000012380000] byte_map_base: 0x0000000011b77000

Marking Bits: (ParMarkBitMap*) 0x00000000682daf90
 Begin Bits: [0x0000000012a30000, 0x00000000149e8000)
 End Bits:   [0x00000000149e8000, 0x00000000169a0000)

Polling page: 0x0000000000970000

CodeCache: size=245760Kb used=17014Kb max_used=17014Kb free=228745Kb
 bounds [0x0000000002bc0000, 0x0000000003c70000, 0x0000000011bc0000]
 total_blobs=4957 nmethods=4485 adapters=384
 compilation: enabled

Compilation events (10 events):
Event: 14.740 Thread 0x000000001779e000 4844       2       sun.security.provider.SHA2::lf_delta0 (20 bytes)
Event: 14.741 Thread 0x000000001779e000 nmethod 4844 0x0000000003c64610 code [0x0000000003c64760, 0x0000000003c648b0]
Event: 14.741 Thread 0x000000001779e000 4845       2       java.nio.charset.CharsetEncoder::replaceWith (89 bytes)
Event: 14.741 Thread 0x000000001779e000 nmethod 4845 0x0000000003c64910 code [0x0000000003c64ae0, 0x0000000003c650e8]
Event: 14.749 Thread 0x000000001779e000 4847 %     3       sun.security.provider.SHA::implCompress @ 203 (491 bytes)
Event: 14.750 Thread 0x000000001779e000 nmethod 4847% 0x0000000003c65390 code [0x0000000003c655a0, 0x0000000003c65f88]
Event: 14.750 Thread 0x000000001779e000 4848       2       sun.nio.cs.UTF_8$Encoder::encode (359 bytes)
Event: 14.752 Thread 0x000000001779e000 nmethod 4848 0x0000000003c66a10 code [0x0000000003c66bc0, 0x0000000003c67208]
Event: 14.752 Thread 0x000000001779e000 4849 %     3       sun.security.provider.SHA::implCompress @ 12 (491 bytes)
Event: 14.754 Thread 0x000000001779e000 nmethod 4849% 0x0000000003c67790 code [0x0000000003c67980, 0x0000000003c68308]

GC Heap History (10 events):
Event: 7.645 GC heap before
{Heap before GC invocations=10 (full 1):
 PSYoungGen      total 129024K, used 128521K [0x00000000d5b80000, 0x00000000dea00000, 0x0000000100000000)
  eden space 123392K, 100% used [0x00000000d5b80000,0x00000000dd400000,0x00000000dd400000)
  from space 5632K, 91% used [0x00000000de480000,0x00000000de982598,0x00000000dea00000)
  to   space 7680K, 0% used [0x00000000ddb00000,0x00000000ddb00000,0x00000000de280000)
 ParOldGen       total 46080K, used 5850K [0x0000000081200000, 0x0000000083f00000, 0x00000000d5b80000)
  object space 46080K, 12% used [0x0000000081200000,0x00000000817b6848,0x0000000083f00000)
 Metaspace       used 28793K, capacity 30636K, committed 30848K, reserved 1075200K
  class space    used 3864K, capacity 4212K, committed 4224K, reserved 1048576K
Event: 7.657 GC heap after
Heap after GC invocations=10 (full 1):
 PSYoungGen      total 138240K, used 7649K [0x00000000d5b80000, 0x00000000e2280000, 0x0000000100000000)
  eden space 130560K, 0% used [0x00000000d5b80000,0x00000000d5b80000,0x00000000ddb00000)
  from space 7680K, 99% used [0x00000000ddb00000,0x00000000de2787b0,0x00000000de280000)
  to   space 9216K, 0% used [0x00000000e1980000,0x00000000e1980000,0x00000000e2280000)
 ParOldGen       total 46080K, used 7901K [0x0000000081200000, 0x0000000083f00000, 0x00000000d5b80000)
  object space 46080K, 17% used [0x0000000081200000,0x00000000819b7580,0x0000000083f00000)
 Metaspace       used 28793K, capacity 30636K, committed 30848K, reserved 1075200K
  class space    used 3864K, capacity 4212K, committed 4224K, reserved 1048576K
}
Event: 9.298 GC heap before
{Heap before GC invocations=11 (full 1):
 PSYoungGen      total 138240K, used 127766K [0x00000000d5b80000, 0x00000000e2280000, 0x0000000100000000)
  eden space 130560K, 92% used [0x00000000d5b80000,0x00000000dd0cd120,0x00000000ddb00000)
  from space 7680K, 99% used [0x00000000ddb00000,0x00000000de2787b0,0x00000000de280000)
  to   space 9216K, 0% used [0x00000000e1980000,0x00000000e1980000,0x00000000e2280000)
 ParOldGen       total 46080K, used 7901K [0x0000000081200000, 0x0000000083f00000, 0x00000000d5b80000)
  object space 46080K, 17% used [0x0000000081200000,0x00000000819b7580,0x0000000083f00000)
 Metaspace       used 33477K, capacity 35408K, committed 35496K, reserved 1079296K
  class space    used 4601K, capacity 5004K, committed 5032K, reserved 1048576K
Event: 9.320 GC heap after
Heap after GC invocations=11 (full 1):
 PSYoungGen      total 192512K, used 9202K [0x00000000d5b80000, 0x00000000e2e80000, 0x0000000100000000)
  eden space 183296K, 0% used [0x00000000d5b80000,0x00000000d5b80000,0x00000000e0e80000)
  from space 9216K, 99% used [0x00000000e1980000,0x00000000e227c840,0x00000000e2280000)
  to   space 11264K, 0% used [0x00000000e0e80000,0x00000000e0e80000,0x00000000e1980000)
 ParOldGen       total 46080K, used 10111K [0x0000000081200000, 0x0000000083f00000, 0x00000000d5b80000)
  object space 46080K, 21% used [0x0000000081200000,0x0000000081bdfd68,0x0000000083f00000)
 Metaspace       used 33477K, capacity 35408K, committed 35496K, reserved 1079296K
  class space    used 4601K, capacity 5004K, committed 5032K, reserved 1048576K
}
Event: 9.320 GC heap before
{Heap before GC invocations=12 (full 2):
 PSYoungGen      total 192512K, used 9202K [0x00000000d5b80000, 0x00000000e2e80000, 0x0000000100000000)
  eden space 183296K, 0% used [0x00000000d5b80000,0x00000000d5b80000,0x00000000e0e80000)
  from space 9216K, 99% used [0x00000000e1980000,0x00000000e227c840,0x00000000e2280000)
  to   space 11264K, 0% used [0x00000000e0e80000,0x00000000e0e80000,0x00000000e1980000)
 ParOldGen       total 46080K, used 10111K [0x0000000081200000, 0x0000000083f00000, 0x00000000d5b80000)
  object space 46080K, 21% used [0x0000000081200000,0x0000000081bdfd68,0x0000000083f00000)
 Metaspace       used 33477K, capacity 35408K, committed 35496K, reserved 1079296K
  class space    used 4601K, capacity 5004K, committed 5032K, reserved 1048576K
Event: 9.406 GC heap after
Heap after GC invocations=12 (full 2):
 PSYoungGen      total 192512K, used 0K [0x00000000d5b80000, 0x00000000e2e80000, 0x0000000100000000)
  eden space 183296K, 0% used [0x00000000d5b80000,0x00000000d5b80000,0x00000000e0e80000)
  from space 9216K, 0% used [0x00000000e1980000,0x00000000e1980000,0x00000000e2280000)
  to   space 11264K, 0% used [0x00000000e0e80000,0x00000000e0e80000,0x00000000e1980000)
 ParOldGen       total 68096K, used 16139K [0x0000000081200000, 0x0000000085480000, 0x00000000d5b80000)
  object space 68096K, 23% used [0x0000000081200000,0x00000000821c2db8,0x0000000085480000)
 Metaspace       used 33477K, capacity 35408K, committed 35496K, reserved 1079296K
  class space    used 4601K, capacity 5004K, committed 5032K, reserved 1048576K
}
Event: 11.352 GC heap before
{Heap before GC invocations=13 (full 2):
 PSYoungGen      total 192512K, used 183296K [0x00000000d5b80000, 0x00000000e2e80000, 0x0000000100000000)
  eden space 183296K, 100% used [0x00000000d5b80000,0x00000000e0e80000,0x00000000e0e80000)
  from space 9216K, 0% used [0x00000000e1980000,0x00000000e1980000,0x00000000e2280000)
  to   space 11264K, 0% used [0x00000000e0e80000,0x00000000e0e80000,0x00000000e1980000)
 ParOldGen       total 68096K, used 16139K [0x0000000081200000, 0x0000000085480000, 0x00000000d5b80000)
  object space 68096K, 23% used [0x0000000081200000,0x00000000821c2db8,0x0000000085480000)
 Metaspace       used 39361K, capacity 41934K, committed 42280K, reserved 1085440K
  class space    used 5348K, capacity 5813K, committed 5928K, reserved 1048576K
Event: 11.375 GC heap after
Heap after GC invocations=13 (full 2):
 PSYoungGen      total 194560K, used 7968K [0x00000000d5b80000, 0x00000000e6c80000, 0x0000000100000000)
  eden space 183296K, 0% used [0x00000000d5b80000,0x00000000d5b80000,0x00000000e0e80000)
  from space 11264K, 70% used [0x00000000e0e80000,0x00000000e1648248,0x00000000e1980000)
  to   space 11264K, 0% used [0x00000000e6180000,0x00000000e6180000,0x00000000e6c80000)
 ParOldGen       total 68096K, used 16147K [0x0000000081200000, 0x0000000085480000, 0x00000000d5b80000)
  object space 68096K, 23% used [0x0000000081200000,0x00000000821c4db8,0x0000000085480000)
 Metaspace       used 39361K, capacity 41934K, committed 42280K, reserved 1085440K
  class space    used 5348K, capacity 5813K, committed 5928K, reserved 1048576K
}
Event: 14.530 GC heap before
{Heap before GC invocations=14 (full 2):
 PSYoungGen      total 194560K, used 191264K [0x00000000d5b80000, 0x00000000e6c80000, 0x0000000100000000)
  eden space 183296K, 100% used [0x00000000d5b80000,0x00000000e0e80000,0x00000000e0e80000)
  from space 11264K, 70% used [0x00000000e0e80000,0x00000000e1648248,0x00000000e1980000)
  to   space 11264K, 0% used [0x00000000e6180000,0x00000000e6180000,0x00000000e6c80000)
 ParOldGen       total 68096K, used 16147K [0x0000000081200000, 0x0000000085480000, 0x00000000d5b80000)
  object space 68096K, 23% used [0x0000000081200000,0x00000000821c4db8,0x0000000085480000)
 Metaspace       used 43361K, capacity 46252K, committed 46376K, reserved 1089536K
  class space    used 5904K, capacity 6398K, committed 6440K, reserved 1048576K
Event: 14.551 GC heap after
Heap after GC invocations=14 (full 2):
 PSYoungGen      total 260608K, used 8407K [0x00000000d5b80000, 0x00000000e6a00000, 0x0000000100000000)
  eden space 251904K, 0% used [0x00000000d5b80000,0x00000000d5b80000,0x00000000e5180000)
  from space 8704K, 96% used [0x00000000e6180000,0x00000000e69b5ee8,0x00000000e6a00000)
  to   space 11776K, 0% used [0x00000000e5300000,0x00000000e5300000,0x00000000e5e80000)
 ParOldGen       total 68096K, used 21623K [0x0000000081200000, 0x0000000085480000, 0x00000000d5b80000)
  object space 68096K, 31% used [0x0000000081200000,0x000000008271de08,0x0000000085480000)
 Metaspace       used 43361K, capacity 46252K, committed 46376K, reserved 1089536K
  class space    used 5904K, capacity 6398K, committed 6440K, reserved 1048576K
}

Deoptimization events (10 events):
Event: 14.681 Thread 0x00000000028cb000 Uncommon trap: reason=unstable_if action=reinterpret pc=0x0000000002e8e73c method=java.lang.CharacterDataLatin1.isWhitespace(I)Z @ 14
Event: 14.697 Thread 0x00000000028cb000 Uncommon trap: reason=null_assert action=make_not_entrant pc=0x00000000031a45f0 method=java.util.jar.JarFile.maybeInstantiateVerifier()V @ 4
Event: 14.699 Thread 0x00000000028cb000 Uncommon trap: reason=null_assert action=make_not_entrant pc=0x0000000002cd2a98 method=java.security.CodeSource.getCertificates()[Ljava/security/cert/Certificate; @ 22
Event: 14.701 Thread 0x00000000028cb000 Uncommon trap: reason=unstable_if action=reinterpret pc=0x00000000032c8970 method=java.net.URI.match(CJJ)Z @ 19
Event: 14.731 Thread 0x00000000028cb000 Uncommon trap: reason=class_check action=maybe_recompile pc=0x0000000003754514 method=java.util.AbstractList$Itr.hasNext()Z @ 8
Event: 14.731 Thread 0x00000000028cb000 Uncommon trap: reason=class_check action=maybe_recompile pc=0x00000000037ac6c4 method=java.util.AbstractList$Itr.next()Ljava/lang/Object; @ 14
Event: 14.733 Thread 0x00000000028cb000 Uncommon trap: reason=class_check action=maybe_recompile pc=0x0000000003754514 method=java.util.AbstractList$Itr.hasNext()Z @ 8
Event: 14.733 Thread 0x00000000028cb000 Uncommon trap: reason=class_check action=maybe_recompile pc=0x00000000037ac6c4 method=java.util.AbstractList$Itr.next()Ljava/lang/Object; @ 14
Event: 14.736 Thread 0x00000000028cb000 Uncommon trap: reason=unstable_if action=reinterpret pc=0x0000000003286cc0 method=java.util.LinkedHashMap.get(Ljava/lang/Object;)Ljava/lang/Object; @ 20
Event: 14.749 Thread 0x00000000028cb000 Uncommon trap: reason=unstable_if action=reinterpret pc=0x0000000002dbb558 method=sun.nio.cs.UTF_8$Encoder.encode([CII[B)I @ 33

Classes redefined (0 events):
No events

Internal exceptions (10 events):
Event: 14.366 Thread 0x00000000028cb000 Exception <a 'java/lang/ClassNotFoundException': org/springframework/cloud/netflix/hystrix/ReactiveHystrixCircuitBreakerFactoryCustomizer> (0x00000000e07526c0) thrown at [C:\jenkins\workspace\8-2-build-windows-amd64-cygwin\jdk8u251\737\hotspot\src\share\v
Event: 14.368 Thread 0x00000000028cb000 Exception <a 'java/lang/ClassNotFoundException': java/lang/ObjectCustomizer> (0x00000000e076dd50) thrown at [C:\jenkins\workspace\8-2-build-windows-amd64-cygwin\jdk8u251\737\hotspot\src\share\vm\classfile\systemDictionary.cpp, line 210]
Event: 14.369 Thread 0x00000000028cb000 Exception <a 'java/lang/ClassNotFoundException': org/springframework/cloud/netflix/ribbon/eureka/RibbonEurekaAutoConfigurationCustomizer> (0x00000000e07af618) thrown at [C:\jenkins\workspace\8-2-build-windows-amd64-cygwin\jdk8u251\737\hotspot\src\share\vm
Event: 14.395 Thread 0x00000000028cb000 Exception <a 'java/lang/ClassNotFoundException': java/lang/ObjectCustomizer> (0x00000000e08f4098) thrown at [C:\jenkins\workspace\8-2-build-windows-amd64-cygwin\jdk8u251\737\hotspot\src\share\vm\classfile\systemDictionary.cpp, line 210]
Event: 14.396 Thread 0x00000000028cb000 Exception <a 'java/lang/ClassNotFoundException': org/springframework/cloud/netflix/eureka/serviceregistry/EurekaRegistrationCustomizer> (0x00000000e0934d90) thrown at [C:\jenkins\workspace\8-2-build-windows-amd64-cygwin\jdk8u251\737\hotspot\src\share\vm\c
Event: 14.398 Thread 0x00000000028cb000 Exception <a 'java/lang/ClassNotFoundException': org/springframework/cloud/client/serviceregistry/RegistrationCustomizer> (0x00000000e098e320) thrown at [C:\jenkins\workspace\8-2-build-windows-amd64-cygwin\jdk8u251\737\hotspot\src\share\vm\classfile\syste
Event: 14.399 Thread 0x00000000028cb000 Exception <a 'java/lang/ClassNotFoundException': org/springframework/cloud/client/ServiceInstanceCustomizer> (0x00000000e09bb8f8) thrown at [C:\jenkins\workspace\8-2-build-windows-amd64-cygwin\jdk8u251\737\hotspot\src\share\vm\classfile\systemDictionary.c
Event: 14.420 Thread 0x00000000028cb000 Exception <a 'java/lang/ClassNotFoundException': java/lang/ObjectCustomizer> (0x00000000e0a813c8) thrown at [C:\jenkins\workspace\8-2-build-windows-amd64-cygwin\jdk8u251\737\hotspot\src\share\vm\classfile\systemDictionary.cpp, line 210]
Event: 14.421 Thread 0x00000000028cb000 Exception <a 'java/lang/ClassNotFoundException': com/netflix/appinfo/ApplicationInfoManagerCustomizer> (0x00000000e0aaf670) thrown at [C:\jenkins\workspace\8-2-build-windows-amd64-cygwin\jdk8u251\737\hotspot\src\share\vm\classfile\systemDictionary.cpp, li
Event: 14.570 Thread 0x00000000028cb000 Implicit null exception at 0x0000000003286439 to 0x0000000003286551

Events (10 events):
Event: 14.747 loading class sun/util/logging/resources/logging_zh_Hans_CN done
Event: 14.748 loading class sun/security/validator/Validator
Event: 14.748 loading class sun/security/validator/Validator done
Event: 14.748 loading class sun/security/validator/SimpleValidator
Event: 14.748 loading class sun/security/validator/SimpleValidator done
Event: 14.748 loading class sun/security/validator/EndEntityChecker
Event: 14.749 loading class sun/security/validator/EndEntityChecker done
Event: 14.749 Thread 0x00000000028cb000 Uncommon trap: trap_request=0xffffff65 fr.pc=0x0000000002dbb558
Event: 14.749 Thread 0x00000000028cb000 DEOPT PACKING pc=0x0000000002dbb558 sp=0x00000000028b4c90
Event: 14.749 Thread 0x00000000028cb000 DEOPT UNPACKING pc=0x0000000002c0583b sp=0x00000000028b4c00 mode 2


Dynamic libraries:
0x00007ff753340000 - 0x00007ff753377000 	C:\Program Files\Java\jdk1.8.0_251\bin\java.exe
0x00007ffa0ca60000 - 0x00007ffa0cc50000 	C:\Windows\SYSTEM32\ntdll.dll
0x00007ffa0b5d0000 - 0x00007ffa0b682000 	C:\Windows\System32\KERNEL32.DLL
0x00007ffa0a220000 - 0x00007ffa0a4c5000 	C:\Windows\System32\KERNELBASE.dll
0x00007ffa0bf30000 - 0x00007ffa0bfd3000 	C:\Windows\System32\ADVAPI32.dll
0x00007ffa0ad60000 - 0x00007ffa0adfe000 	C:\Windows\System32\msvcrt.dll
0x00007ffa0acc0000 - 0x00007ffa0ad57000 	C:\Windows\System32\sechost.dll
0x00007ffa0ab30000 - 0x00007ffa0ac4f000 	C:\Windows\System32\RPCRT4.dll
0x00007ffa0c450000 - 0x00007ffa0c5e4000 	C:\Windows\System32\USER32.dll
0x00007ffa0a1f0000 - 0x00007ffa0a211000 	C:\Windows\System32\win32u.dll
0x00007ffa0b260000 - 0x00007ffa0b286000 	C:\Windows\System32\GDI32.dll
0x00007ffa0a5f0000 - 0x00007ffa0a788000 	C:\Windows\System32\gdi32full.dll
0x00007ffa0a8e0000 - 0x00007ffa0a97e000 	C:\Windows\System32\msvcp_win.dll
0x00007ffa0a4f0000 - 0x00007ffa0a5ea000 	C:\Windows\System32\ucrtbase.dll
0x00007ff9f8d20000 - 0x00007ff9f8fa4000 	C:\Windows\WinSxS\amd64_microsoft.windows.common-controls_6595b64144ccf1df_6.0.18362.1379_none_9e7ff3b3e45cc0c4\COMCTL32.dll
0x00007ffa0b290000 - 0x00007ffa0b5c7000 	C:\Windows\System32\combase.dll
0x00007ffa099e0000 - 0x00007ffa09a61000 	C:\Windows\System32\bcryptPrimitives.dll
0x00007ffa0b1b0000 - 0x00007ffa0b1de000 	C:\Windows\System32\IMM32.DLL
0x0000000069230000 - 0x0000000069302000 	C:\Program Files\Java\jdk1.8.0_251\jre\bin\msvcr100.dll
0x0000000067ab0000 - 0x000000006835b000 	C:\Program Files\Java\jdk1.8.0_251\jre\bin\server\jvm.dll
0x00007ffa0ca10000 - 0x00007ffa0ca18000 	C:\Windows\System32\PSAPI.DLL
0x00007ffa083f0000 - 0x00007ffa083f9000 	C:\Windows\SYSTEM32\WSOCK32.dll
0x00007ffa0bd80000 - 0x00007ffa0bdef000 	C:\Windows\System32\WS2_32.dll
0x00007ffa059a0000 - 0x00007ffa059c4000 	C:\Windows\SYSTEM32\WINMM.dll
0x00007ff9ff640000 - 0x00007ff9ff64a000 	C:\Windows\SYSTEM32\VERSION.dll
0x00007ffa05970000 - 0x00007ffa0599d000 	C:\Windows\SYSTEM32\WINMMBASE.dll
0x00007ffa0a9b0000 - 0x00007ffa0a9fa000 	C:\Windows\System32\cfgmgr32.dll
0x00007ffa01cd0000 - 0x00007ffa01cdf000 	C:\Program Files\Java\jdk1.8.0_251\jre\bin\verify.dll
0x00007ff9f1280000 - 0x00007ff9f12a9000 	C:\Program Files\Java\jdk1.8.0_251\jre\bin\java.dll
0x00007ff9f1250000 - 0x00007ff9f1273000 	C:\Program Files\Java\jdk1.8.0_251\jre\bin\instrument.dll
0x00007ff9fa1f0000 - 0x00007ff9fa206000 	C:\Program Files\Java\jdk1.8.0_251\jre\bin\zip.dll
0x00007ffa0b690000 - 0x00007ffa0bd78000 	C:\Windows\System32\SHELL32.dll
0x00007ffa0b100000 - 0x00007ffa0b1a7000 	C:\Windows\System32\shcore.dll
0x00007ffa09a70000 - 0x00007ffa0a1eb000 	C:\Windows\System32\windows.storage.dll
0x00007ffa09960000 - 0x00007ffa09983000 	C:\Windows\System32\profapi.dll
0x00007ffa09990000 - 0x00007ffa099da000 	C:\Windows\System32\powrprof.dll
0x00007ffa09910000 - 0x00007ffa09920000 	C:\Windows\System32\UMPDC.dll
0x00007ffa0c9b0000 - 0x00007ffa0ca02000 	C:\Windows\System32\shlwapi.dll
0x00007ffa09920000 - 0x00007ffa09931000 	C:\Windows\System32\kernel.appcore.dll
0x00007ffa0a4d0000 - 0x00007ffa0a4e7000 	C:\Windows\System32\cryptsp.dll
0x00007ff9f3170000 - 0x00007ff9f318a000 	D:\IntelliJ\IntelliJ IDEA 2020.1.3\bin\breakgen64.dll
0x00007ff9f2b80000 - 0x00007ff9f2b9a000 	C:\Program Files\Java\jdk1.8.0_251\jre\bin\net.dll
0x00007ffa09150000 - 0x00007ffa091b7000 	C:\Windows\system32\mswsock.dll
0x00007ff9f2af0000 - 0x00007ff9f2b02000 	C:\Program Files\Java\jdk1.8.0_251\jre\bin\nio.dll
0x00007ffa08e60000 - 0x00007ffa08e9a000 	C:\Windows\SYSTEM32\IPHLPAPI.DLL
0x00007ffa0af40000 - 0x00007ffa0af48000 	C:\Windows\System32\NSI.dll
0x00007ff9ff2d0000 - 0x00007ff9ff2e6000 	C:\Windows\SYSTEM32\dhcpcsvc6.DLL
0x00007ff9ff2b0000 - 0x00007ff9ff2cc000 	C:\Windows\SYSTEM32\dhcpcsvc.DLL
0x00007ffa08ea0000 - 0x00007ffa08f6b000 	C:\Windows\SYSTEM32\DNSAPI.dll
0x00007ff9fa130000 - 0x00007ff9fa13a000 	C:\Windows\System32\rasadhlp.dll
0x00007ffa01840000 - 0x00007ffa0184d000 	C:\Program Files\Java\jdk1.8.0_251\jre\bin\management.dll
0x00007ff9f3e90000 - 0x00007ff9f3ea6000 	C:\Windows\system32\napinsp.dll
0x00007ff9f3e70000 - 0x00007ff9f3e8a000 	C:\Windows\system32\pnrpnsp.dll
0x00007ff9f3e60000 - 0x00007ff9f3e6e000 	C:\Windows\System32\winrnr.dll
0x00007ffa057f0000 - 0x00007ffa0580c000 	C:\Windows\system32\NLAapi.dll
0x00007ffa04a40000 - 0x00007ffa04a55000 	C:\Windows\system32\wshbth.dll
0x00007ff9feca0000 - 0x00007ff9fed17000 	C:\Windows\System32\fwpuclnt.dll
0x00007ffa0a980000 - 0x00007ffa0a9a6000 	C:\Windows\System32\bcrypt.dll
0x00007ff9f5ed0000 - 0x00007ff9f5ef4000 	C:\Program Files\Java\jdk1.8.0_251\jre\bin\sunec.dll

VM Arguments:
jvm_args: -ea -Didea.test.cyclic.buffer.size=1048576 -javaagent:D:\IntelliJ\IntelliJ IDEA 2020.1.3\lib\idea_rt.jar=53569:D:\IntelliJ\IntelliJ IDEA 2020.1.3\bin -Dfile.encoding=UTF-8 
java_command: com.intellij.rt.junit.JUnitStarter -ideVersion5 -junit5 com.itmd.book.BookApplicationTests,contextLoads
java_class_path (initial): D:\IntelliJ\IntelliJ IDEA 2020.1.3\lib\idea_rt.jar;C:\Users\HP\.m2\repository\org\junit\platform\junit-platform-launcher\1.6.3\junit-platform-launcher-1.6.3.jar;C:\Users\HP\.m2\repository\org\apiguardian\apiguardian-api\1.1.0\apiguardian-api-1.1.0.jar;C:\Users\HP\.m2\repository\org\junit\platform\junit-platform-engine\1.6.3\junit-platform-engine-1.6.3.jar;C:\Users\HP\.m2\repository\org\opentest4j\opentest4j\1.2.0\opentest4j-1.2.0.jar;C:\Users\HP\.m2\repository\org\junit\platform\junit-platform-commons\1.6.3\junit-platform-commons-1.6.3.jar;D:\IntelliJ\IntelliJ IDEA 2020.1.3\plugins\junit\lib\junit5-rt.jar;D:\IntelliJ\IntelliJ IDEA 2020.1.3\plugins\junit\lib\junit-rt.jar;C:\Program Files\Java\jdk1.8.0_251\jre\lib\charsets.jar;C:\Program Files\Java\jdk1.8.0_251\jre\lib\deploy.jar;C:\Program Files\Java\jdk1.8.0_251\jre\lib\ext\access-bridge-64.jar;C:\Program Files\Java\jdk1.8.0_251\jre\lib\ext\cldrdata.jar;C:\Program Files\Java\jdk1.8.0_251\jre\lib\ext\dnsns.jar;C:\Program Files\Java\jdk1.8.0_251\jre\lib\ext\jaccess.jar;C:\Program Files\Java\jdk1.8.0_251\jre\lib\ext\jfxrt.jar;C:\Program Files\Java\jdk1.8.0_251\jre\lib\ext\localedata.jar;C:\Program Files\Java\jdk1.8.0_251\jre\lib\ext\nashorn.jar;C:\Program Files\Java\jdk1.8.0_251\jre\lib\ext\sunec.jar;C:\Program Files\Java\jdk1.8.0_251\jre\lib\ext\sunjce_provider.jar;C:\Program Files\Java\jdk1.8.0_251\jre\lib\ext\sunmscapi.jar;C:\Program Files\Java\jdk1.8.0_251\jre\lib\ext\sunpkcs11.jar;C:\Program Files\Java\jdk1.8.0_251\jre\lib\ext\zipfs.jar;C:\Program Files\Java\jdk1.8.0_251\jre\lib\javaws.jar;C:\Program Files\Java\jdk1.8.0_251\jre\lib\jce.jar;C:\Program Files\Java\jdk1.8.0_251\jre\lib\jfr.jar;C:\Program Files\Java\jdk1.8.0_251\jre\lib\jfxswt.jar;C:\Program Files\Java\jdk1.8.0_251\jre\lib\jsse.jar;C:\Program Files\Java\jdk1.8.0_251\jre\lib\management-agent.jar;C:\Program Files\Java\jdk1.8.0_251\jre\lib\plugin.jar;C:\Program Files\Java\jdk1.8.0_251\jre\lib\resources.jar;C:\Program Files\Jav
Launcher Type: SUN_STANDARD

Environment Variables:
JAVA_HOME=C:\Program Files\Java\jdk1.8.0_251
CLASSPATH=.;C:\Program Files\Java\jdk1.8.0_251\lib
PATH=C:\Program Files (x86)\Common Files\Oracle\Java\javapath;C:\Windows\system32;C:\Windows;C:\Windows\System32\Wbem;C:\Windows\System32\WindowsPowerShell\v1.0\;C:\Windows\System32\OpenSSH\;C:\Program Files\Java\jdk1.8.0_251\bin;C:\wamp64\bin\mysql\mysql5.7.31\bin;C:\Program Files\MySQL\MySQL Server 8.0\bin;C:\Program Files\Microsoft\Web Platform Installer\;D:\maven\apache-maven-3.5.2\bin;C:\Program Files\nodejs\;D:\xshell\;C:\Users\HP\AppData\Local\Microsoft\WindowsApps;D:\IntelliJ\IntelliJ IDEA Educational Edition 2020.1.2\bin;D:\IntelliJ\IntelliJ IDEA 2020.1.3\bin;D:\WebStorm\WebStorm 2020.1.3\bin;D:\DataGrip\DataGrip 2020.1.5\bin;C:\Users\HP\AppData\Roaming\npm
USERNAME=众斌
OS=Windows_NT
PROCESSOR_IDENTIFIER=Intel64 Family 6 Model 69 Stepping 1, GenuineIntel



---------------  S Y S T E M  ---------------

OS: Windows 10.0 , 64 bit Build 18362 (10.0.18362.1350)

CPU:total 4 (initial active 4) (2 cores per cpu, 2 threads per core) family 6 model 69 stepping 1, cmov, cx8, fxsr, mmx, sse, sse2, sse3, ssse3, sse4.1, sse4.2, popcnt, avx, avx2, aes, clmul, erms, lzcnt, ht, tsc, tscinvbit, bmi1, bmi2

Memory: 4k page, physical 8308108k(1086800k free), swap 14599564k(5512k free)

vm_info: Java HotSpot(TM) 64-Bit Server VM (25.251-b08) for windows-amd64 JRE (1.8.0_251-b08), built on Mar 12 2020 06:31:49 by "" with MS VC++ 10.0 (VS2010)

time: Tue Mar 16 14:23:38 2021
timezone: 中国标准时间
elapsed time: 15 seconds (0d 0h 0m 15s)

